<?xml version="1.0" encoding="UTF-8"?>
<coverage generated="1779298104579" clover="3.2.0">
  <project timestamp="1779298104580" name="All files">
    <metrics statements="58" coveredstatements="48" conditionals="19" coveredconditionals="17" methods="14" coveredmethods="14" elements="91" coveredelements="79" complexity="0" loc="58" ncloc="58" packages="4" files="8" classes="8"/>
    <package name="event-bus">
      <metrics statements="19" coveredstatements="19" conditionals="12" coveredconditionals="11" methods="5" coveredmethods="5"/>
      <file name="EventBus.ts" path="C:\Two\SDONE\sdone\src\event-bus\EventBus.ts">
        <metrics statements="19" coveredstatements="19" conditionals="12" coveredconditionals="11" methods="5" coveredmethods="5"/>
        <line num="12" count="17" type="stmt"/>
        <line num="22" count="30" type="stmt"/>
        <line num="23" count="30" type="cond" truecount="2" falsecount="0"/>
        <line num="24" count="12" type="cond" truecount="2" falsecount="0"/>
        <line num="25" count="11" type="stmt"/>
        <line num="28" count="18" type="stmt"/>
        <line num="30" count="30" type="stmt"/>
        <line num="39" count="16" type="stmt"/>
        <line num="40" count="16" type="cond" truecount="4" falsecount="0"/>
        <line num="43" count="12" type="stmt"/>
        <line num="44" count="12" type="stmt"/>
        <line num="45" count="20" type="stmt"/>
        <line num="46" count="20" type="stmt"/>
        <line num="48" count="1" type="stmt"/>
        <line num="61" count="6" type="stmt"/>
        <line num="62" count="6" type="cond" truecount="1" falsecount="1"/>
        <line num="63" count="6" type="stmt"/>
        <line num="64" count="6" type="cond" truecount="2" falsecount="0"/>
        <line num="71" count="1" type="stmt"/>
      </file>
      <file name="EventMap.ts" path="C:\Two\SDONE\sdone\src\event-bus\EventMap.ts">
        <metrics statements="0" coveredstatements="0" conditionals="0" coveredconditionals="0" methods="0" coveredmethods="0"/>
      </file>
      <file name="index.ts" path="C:\Two\SDONE\sdone\src\event-bus\index.ts">
        <metrics statements="0" coveredstatements="0" conditionals="0" coveredconditionals="0" methods="0" coveredmethods="0"/>
      </file>
    </package>
    <package name="input">
      <metrics statements="0" coveredstatements="0" conditionals="0" coveredconditionals="0" methods="0" coveredmethods="0"/>
      <file name="index.ts" path="C:\Two\SDONE\sdone\src\input\index.ts">
        <metrics statements="0" coveredstatements="0" conditionals="0" coveredconditionals="0" methods="0" coveredmethods="0"/>
      </file>
    </package>
    <package name="simulation">
      <metrics statements="0" coveredstatements="0" conditionals="0" coveredconditionals="0" methods="0" coveredmethods="0"/>
      <file name="index.ts" path="C:\Two\SDONE\sdone\src\simulation\index.ts">
        <metrics statements="0" coveredstatements="0" conditionals="0" coveredconditionals="0" methods="0" coveredmethods="0"/>
      </file>
    </package>
    <package name="state">
      <metrics statements="39" coveredstatements="29" conditionals="7" coveredconditionals="6" methods="9" coveredmethods="9"/>
      <file name="GraphState.ts" path="C:\Two\SDONE\sdone\src\state\GraphState.ts">
        <metrics statements="0" coveredstatements="0" conditionals="0" coveredconditionals="0" methods="0" coveredmethods="0"/>
      </file>
      <file name="HistoryManager.ts" path="C:\Two\SDONE\sdone\src\state\HistoryManager.ts">
        <metrics statements="39" coveredstatements="29" conditionals="7" coveredconditionals="6" methods="9" coveredmethods="9"/>
        <line num="49" count="25" type="stmt"/>
        <line num="50" count="25" type="stmt"/>
        <line num="57" count="25" type="stmt"/>
        <line num="58" count="25" type="cond" truecount="1" falsecount="1"/>
        <line num="69" count="295" type="stmt"/>
        <line num="70" count="295" type="stmt"/>
        <line num="72" count="0" type="stmt"/>
        <line num="73" count="0" type="stmt"/>
        <line num="77" count="295" type="stmt"/>
        <line num="80" count="295" type="stmt"/>
        <line num="83" count="295" type="stmt"/>
        <line num="84" count="6" type="stmt"/>
        <line num="91" count="142" type="cond" truecount="2" falsecount="0"/>
        <line num="92" count="4" type="stmt"/>
        <line num="96" count="138" type="stmt"/>
        <line num="97" count="138" type="stmt"/>
        <line num="100" count="138" type="stmt"/>
        <line num="103" count="138" type="stmt"/>
        <line num="104" count="138" type="stmt"/>
        <line num="106" count="0" type="stmt"/>
        <line num="108" count="0" type="stmt"/>
        <line num="109" count="0" type="stmt"/>
        <line num="110" count="0" type="stmt"/>
        <line num="116" count="17" type="cond" truecount="2" falsecount="0"/>
        <line num="117" count="2" type="stmt"/>
        <line num="121" count="15" type="stmt"/>
        <line num="124" count="15" type="stmt"/>
        <line num="127" count="15" type="stmt"/>
        <line num="128" count="15" type="stmt"/>
        <line num="130" count="0" type="stmt"/>
        <line num="132" count="0" type="stmt"/>
        <line num="133" count="0" type="stmt"/>
        <line num="134" count="0" type="stmt"/>
        <line num="145" count="12" type="stmt"/>
        <line num="150" count="9" type="stmt"/>
        <line num="155" count="2" type="stmt"/>
        <line num="156" count="2" type="stmt"/>
        <line num="165" count="19" type="stmt"/>
        <line num="170" count="14" type="stmt"/>
      </file>
      <file name="index.ts" path="C:\Two\SDONE\sdone\src\state\index.ts">
        <metrics statements="0" coveredstatements="0" conditionals="0" coveredconditionals="0" methods="0" coveredmethods="0"/>
      </file>
    </package>
  </project>
</coverage>
